<?xml version="1.0" encoding="UTF-8"?>
<!-- Generated by org.testng.reporters.JUnitReportReporter -->
<testsuite hostname="DESKTOP-V4UQ4OT" failures="0" tests="3" name="testNG.TestNgAnnotations" time="0.028" errors="0" timestamp="2022-12-06T14:54:45 IST" skipped="0">
  <testcase classname="testNG.TestNgAnnotations" name="test3" time="0.008"/>
  <system-out/>
  <testcase classname="testNG.TestNgAnnotations" name="test2" time="0.004"/>
  <system-out/>
  <testcase classname="testNG.TestNgAnnotations" name="test1" time="0.016"/>
  <system-out/>
</testsuite> <!-- testNG.TestNgAnnotations -->
