<?xml version="1.0" encoding="UTF-8"?>
<!-- Generated by org.testng.reporters.JUnitReportReporter -->
<testsuite hostname="DESKTOP-V4UQ4OT" failures="0" tests="1" name="testNG.ParellelTestDemo2" time="13.638" errors="0" timestamp="2022-12-09T14:36:20 IST" skipped="0">
  <testcase classname="testNG.ParellelTestDemo2" name="varifyUserDetails" time="13.638"/>
  <system-out/>
</testsuite> <!-- testNG.ParellelTestDemo2 -->
