<?xml version="1.0" encoding="UTF-8"?>
<!-- Generated by org.testng.reporters.JUnitReportReporter -->
<testsuite hostname="DESKTOP-V4UQ4OT" failures="0" tests="2" name="testNG.MyTestClass" time="19.706" errors="0" timestamp="2022-11-09T10:36:12 IST" skipped="0">
  <testcase classname="testNG.MyTestClass" name="method2" time="6.538"/>
  <system-out/>
  <testcase classname="testNG.MyTestClass" name="metho1" time="13.168"/>
  <system-out/>
</testsuite> <!-- testNG.MyTestClass -->
