<?xml version="1.0" encoding="UTF-8"?>
<!-- Generated by org.testng.reporters.JUnitReportReporter -->
<testsuite hostname="DESKTOP-V4UQ4OT" failures="0" tests="2" name="testNG.ParallelTestDemo" time="20.470" errors="0" timestamp="2022-12-09T14:36:20 IST" skipped="0">
  <testcase classname="testNG.ParallelTestDemo" name="verifyTitle" time="6.511"/>
  <system-out/>
  <testcase classname="testNG.ParallelTestDemo" name="verifyLogo" time="13.959"/>
  <system-out/>
</testsuite> <!-- testNG.ParallelTestDemo -->
