<?xml version="1.0" encoding="UTF-8"?>
<!-- Generated by org.testng.reporters.JUnitReportReporter -->
<testsuite hostname="DESKTOP-V4UQ4OT" failures="0" tests="3" name="testNG.TestngAnnotationTC2" time="0.022" errors="0" timestamp="2022-12-06T15:35:16 IST" skipped="0">
  <testcase classname="testNG.TestngAnnotationTC2" name="test4" time="0.016"/>
  <system-out/>
  <testcase classname="testNG.TestngAnnotationTC2" name="test6" time="0.003"/>
  <system-out/>
  <testcase classname="testNG.TestngAnnotationTC2" name="test5" time="0.003"/>
  <system-out/>
</testsuite> <!-- testNG.TestngAnnotationTC2 -->
