<?xml version="1.0" encoding="UTF-8"?>
<!-- Generated by org.testng.reporters.JUnitReportReporter -->
<testsuite hostname="DESKTOP-V4UQ4OT" failures="0" tests="1" name="testNG.TestClass" time="0.097" errors="0" timestamp="2022-12-06T13:59:20 IST" skipped="0">
  <testcase classname="testNG.TestClass" name="A" time="0.097"/>
  <system-out>
    <![CDATA[Hi A TC is running--> using log
Hi A TC is running--> using log]]>
  </system-out>
</testsuite> <!-- testNG.TestClass -->
