<?xml version="1.0" encoding="UTF-8"?>
<!-- Generated by org.testng.reporters.JUnitReportReporter -->
<testsuite hostname="DESKTOP-V4UQ4OT" failures="0" tests="3" name="testNG.TestNgAnnotationsTC1" time="0.017" errors="0" timestamp="2022-12-06T15:35:16 IST" skipped="0">
  <testcase classname="testNG.TestNgAnnotationsTC1" name="test2" time="0.005"/>
  <system-out/>
  <testcase classname="testNG.TestNgAnnotationsTC1" name="test3" time="0.005"/>
  <system-out/>
  <testcase classname="testNG.TestNgAnnotationsTC1" name="test1" time="0.007"/>
  <system-out/>
</testsuite> <!-- testNG.TestNgAnnotationsTC1 -->
