<?xml version="1.0" encoding="UTF-8"?>
<!-- Generated by org.testng.reporters.JUnitReportReporter -->
<testsuite hostname="DESKTOP-V4UQ4OT" failures="0" tests="3" name="testNG.AnnotationAttribute" time="0.042" errors="0" timestamp="2022-12-06T23:01:49 IST" skipped="0">
  <testcase classname="testNG.AnnotationAttribute" name="testcase3" time="0.005"/>
  <system-out/>
  <testcase classname="testNG.AnnotationAttribute" name="testcase2" time="0.028"/>
  <system-out/>
  <testcase classname="testNG.AnnotationAttribute" name="testcase1" time="0.009"/>
  <system-out/>
</testsuite> <!-- testNG.AnnotationAttribute -->
